# JRE version: Java(TM) SE Runtime Environment (8.0_151-b12) (build 1.8.0_151-b12)
# Java VM: Java HotSpot(TM) 64-Bit Server VM (25.151-b12 mixed mode windows-amd64 compressed oops)
Heap:
 PSYoungGen      total 147968K, used 112728K [0x00000000f5580000, 0x0000000100000000, 0x0000000100000000)
  eden space 121344K, 92% used [0x00000000f5580000,0x00000000fc396058,0x00000000fcc00000)
  from space 26624K, 0% used [0x00000000fcc00000,0x00000000fcc00000,0x00000000fe600000)
  to   space 26624K, 0% used [0x00000000fe600000,0x00000000fe600000,0x0000000100000000)
 ParOldGen       total 194048K, used 54102K [0x00000000e0000000, 0x00000000ebd80000, 0x00000000f5580000)
  object space 194048K, 27% used [0x00000000e0000000,0x00000000e34d5928,0x00000000ebd80000)
 Metaspace       used 57091K, capacity 60990K, committed 61056K, reserved 1101824K
  class space    used 8100K, capacity 8812K, committed 8832K, reserved 1048576K
GC Heap History (10 events):
Event: 61.719 GC heap before
{Heap before GC invocations=10 (full 2):
 PSYoungGen      total 158720K, used 154911K [0x00000000f5580000, 0x00000000fff00000, 0x0000000100000000)
  eden space 143872K, 100% used [0x00000000f5580000,0x00000000fe200000,0x00000000fe200000)
  from space 14848K, 74% used [0x00000000fe200000,0x00000000fecc7ec8,0x00000000ff080000)
  to   space 14848K, 0% used [0x00000000ff080000,0x00000000ff080000,0x00000000fff00000)
 ParOldGen       total 175104K, used 16337K [0x00000000e0000000, 0x00000000eab00000, 0x00000000f5580000)
  object space 175104K, 9% used [0x00000000e0000000,0x00000000e0ff4438,0x00000000eab00000)
 Metaspace       used 44779K, capacity 46672K, committed 46976K, reserved 1089536K
  class space    used 6323K, capacity 6726K, committed 6784K, reserved 1048576K
Event: 61.829 GC heap after
Heap after GC invocations=10 (full 2):
 PSYoungGen      total 157696K, used 13458K [0x00000000f5580000, 0x0000000100000000, 0x0000000100000000)
  eden space 142848K, 0% used [0x00000000f5580000,0x00000000f5580000,0x00000000fe100000)
  from space 14848K, 90% used [0x00000000ff080000,0x00000000ffda4990,0x00000000fff00000)
  to   space 15872K, 0% used [0x00000000fe100000,0x00000000fe100000,0x00000000ff080000)
 ParOldGen       total 175104K, used 16345K [0x00000000e0000000, 0x00000000eab00000, 0x00000000f5580000)
  object space 175104K, 9% used [0x00000000e0000000,0x00000000e0ff6438,0x00000000eab00000)
 Metaspace       used 44779K, capacity 46672K, committed 46976K, reserved 1089536K
  class space    used 6323K, capacity 6726K, committed 6784K, reserved 1048576K
}
Event: 74.473 GC heap before
{Heap before GC invocations=11 (full 2):
 PSYoungGen      total 157696K, used 156112K [0x00000000f5580000, 0x0000000100000000, 0x0000000100000000)
  eden space 142848K, 99% used [0x00000000f5580000,0x00000000fe0cf870,0x00000000fe100000)
  from space 14848K, 90% used [0x00000000ff080000,0x00000000ffda4990,0x00000000fff00000)
  to   space 15872K, 0% used [0x00000000fe100000,0x00000000fe100000,0x00000000ff080000)
 ParOldGen       total 175104K, used 16345K [0x00000000e0000000, 0x00000000eab00000, 0x00000000f5580000)
  object space 175104K, 9% used [0x00000000e0000000,0x00000000e0ff6438,0x00000000eab00000)
 Metaspace       used 49316K, capacity 51696K, committed 51840K, reserved 1093632K
  class space    used 6972K, capacity 7520K, committed 7552K, reserved 1048576K
Event: 74.677 GC heap after
Heap after GC invocations=11 (full 2):
 PSYoungGen      total 158720K, used 15862K [0x00000000f5580000, 0x0000000100000000, 0x0000000100000000)
  eden space 142848K, 0% used [0x00000000f5580000,0x00000000f5580000,0x00000000fe100000)
  from space 15872K, 99% used [0x00000000fe100000,0x00000000ff07d9e8,0x00000000ff080000)
  to   space 15872K, 0% used [0x00000000ff080000,0x00000000ff080000,0x0000000100000000)
 ParOldGen       total 175104K, used 27064K [0x00000000e0000000, 0x00000000eab00000, 0x00000000f5580000)
  object space 175104K, 15% used [0x00000000e0000000,0x00000000e1a6e0d0,0x00000000eab00000)
 Metaspace       used 49316K, capacity 51696K, committed 51840K, reserved 1093632K
  class space    used 6972K, capacity 7520K, committed 7552K, reserved 1048576K
}
Event: 83.143 GC heap before
{Heap before GC invocations=12 (full 2):
 PSYoungGen      total 158720K, used 158710K [0x00000000f5580000, 0x0000000100000000, 0x0000000100000000)
  eden space 142848K, 100% used [0x00000000f5580000,0x00000000fe100000,0x00000000fe100000)
  from space 15872K, 99% used [0x00000000fe100000,0x00000000ff07d9e8,0x00000000ff080000)
  to   space 15872K, 0% used [0x00000000ff080000,0x00000000ff080000,0x0000000100000000)
 ParOldGen       total 175104K, used 27064K [0x00000000e0000000, 0x00000000eab00000, 0x00000000f5580000)
  object space 175104K, 15% used [0x00000000e0000000,0x00000000e1a6e0d0,0x00000000eab00000)
 Metaspace       used 55196K, capacity 58418K, committed 58496K, reserved 1099776K
  class space    used 7901K, capacity 8518K, committed 8576K, reserved 1048576K
Event: 83.205 GC heap after
Heap after GC invocations=12 (full 2):
 PSYoungGen      total 137216K, used 15867K [0x00000000f5580000, 0x0000000100000000, 0x0000000100000000)
  eden space 121344K, 0% used [0x00000000f5580000,0x00000000f5580000,0x00000000fcc00000)
  from space 15872K, 99% used [0x00000000ff080000,0x00000000ffffeea8,0x0000000100000000)
  to   space 26624K, 0% used [0x00000000fcc00000,0x00000000fcc00000,0x00000000fe600000)
 ParOldGen       total 175104K, used 39035K [0x00000000e0000000, 0x00000000eab00000, 0x00000000f5580000)
  object space 175104K, 22% used [0x00000000e0000000,0x00000000e261ec28,0x00000000eab00000)
 Metaspace       used 55196K, capacity 58418K, committed 58496K, reserved 1099776K
  class space    used 7901K, capacity 8518K, committed 8576K, reserved 1048576K
}
Event: 85.774 GC heap before
{Heap before GC invocations=13 (full 2):
 PSYoungGen      total 137216K, used 63319K [0x00000000f5580000, 0x0000000100000000, 0x0000000100000000)
  eden space 121344K, 39% used [0x00000000f5580000,0x00000000f83d7070,0x00000000fcc00000)
  from space 15872K, 99% used [0x00000000ff080000,0x00000000ffffeea8,0x0000000100000000)
  to   space 26624K, 0% used [0x00000000fcc00000,0x00000000fcc00000,0x00000000fe600000)
 ParOldGen       total 175104K, used 39035K [0x00000000e0000000, 0x00000000eab00000, 0x00000000f5580000)
  object space 175104K, 22% used [0x00000000e0000000,0x00000000e261ec28,0x00000000eab00000)
 Metaspace       used 55794K, capacity 59078K, committed 59096K, reserved 1099776K
  class space    used 7939K, capacity 8559K, committed 8576K, reserved 1048576K
Event: 85.838 GC heap after
Heap after GC invocations=13 (full 2):
 PSYoungGen      total 147968K, used 5408K [0x00000000f5580000, 0x0000000100000000, 0x0000000100000000)
  eden space 121344K, 0% used [0x00000000f5580000,0x00000000f5580000,0x00000000fcc00000)
  from space 26624K, 20% used [0x00000000fcc00000,0x00000000fd148000,0x00000000fe600000)
  to   space 26624K, 0% used [0x00000000fe600000,0x00000000fe600000,0x0000000100000000)
 ParOldGen       total 175104K, used 54972K [0x00000000e0000000, 0x00000000eab00000, 0x00000000f5580000)
  object space 175104K, 31% used [0x00000000e0000000,0x00000000e35af160,0x00000000eab00000)
 Metaspace       used 55794K, capacity 59078K, committed 59096K, reserved 1099776K
  class space    used 7939K, capacity 8559K, committed 8576K, reserved 1048576K
}
Event: 85.838 GC heap before
{Heap before GC invocations=14 (full 3):
 PSYoungGen      total 147968K, used 5408K [0x00000000f5580000, 0x0000000100000000, 0x0000000100000000)
  eden space 121344K, 0% used [0x00000000f5580000,0x00000000f5580000,0x00000000fcc00000)
  from space 26624K, 20% used [0x00000000fcc00000,0x00000000fd148000,0x00000000fe600000)
  to   space 26624K, 0% used [0x00000000fe600000,0x00000000fe600000,0x0000000100000000)
 ParOldGen       total 175104K, used 54972K [0x00000000e0000000, 0x00000000eab00000, 0x00000000f5580000)
  object space 175104K, 31% used [0x00000000e0000000,0x00000000e35af160,0x00000000eab00000)
 Metaspace       used 55794K, capacity 59078K, committed 59096K, reserved 1099776K
  class space    used 7939K, capacity 8559K, committed 8576K, reserved 1048576K
Event: 86.748 GC heap after
Heap after GC invocations=14 (full 3):
 PSYoungGen      total 147968K, used 0K [0x00000000f5580000, 0x0000000100000000, 0x0000000100000000)
  eden space 121344K, 0% used [0x00000000f5580000,0x00000000f5580000,0x00000000fcc00000)
  from space 26624K, 0% used [0x00000000fcc00000,0x00000000fcc00000,0x00000000fe600000)
  to   space 26624K, 0% used [0x00000000fe600000,0x00000000fe600000,0x0000000100000000)
 ParOldGen       total 194048K, used 54102K [0x00000000e0000000, 0x00000000ebd80000, 0x00000000f5580000)
  object space 194048K, 27% used [0x00000000e0000000,0x00000000e34d5928,0x00000000ebd80000)
 Metaspace       used 55794K, capacity 59078K, committed 59096K, reserved 1099776K
  class space    used 7939K, capacity 8559K, committed 8576K, reserved 1048576K
}

